\BOOKMARK [0][-]{chapter.1}{Introducci\363n}{}% 1
\BOOKMARK [1][-]{section.1.1}{Motivaci\363n y desarrollo}{chapter.1}% 2
\BOOKMARK [0][-]{chapter.2}{Estado del Arte}{}% 3
\BOOKMARK [1][-]{section.2.1}{Traceview}{chapter.2}% 4
\BOOKMARK [1][-]{section.2.2}{Talkback}{chapter.2}% 5
\BOOKMARK [0][-]{chapter.3}{Requisitos del proyecto}{}% 6
\BOOKMARK [1][-]{section.3.1}{Requisitos}{chapter.3}% 7
\BOOKMARK [2][-]{subsection.3.1.1}{Requisitos funcionales}{section.3.1}% 8
\BOOKMARK [2][-]{subsection.3.1.2}{Requisitos no funcionales}{section.3.1}% 9
\BOOKMARK [0][-]{chapter.4}{An\341lisis}{}% 10
\BOOKMARK [1][-]{section.4.1}{Diagramas de Casos de Uso}{chapter.4}% 11
\BOOKMARK [1][-]{section.4.2}{Arquitectura de alto nivel}{chapter.4}% 12
\BOOKMARK [2][-]{subsection.4.2.1}{Smartphone}{section.4.2}% 13
\BOOKMARK [2][-]{subsection.4.2.2}{Servidor Remoto}{section.4.2}% 14
\BOOKMARK [1][-]{section.4.3}{Diagrama de secuencia}{chapter.4}% 15
\BOOKMARK [1][-]{section.4.4}{Diagramas de actividad}{chapter.4}% 16
\BOOKMARK [2][-]{subsection.4.4.1}{Gmail}{section.4.4}% 17
\BOOKMARK [0][-]{chapter.5}{Dise\361o}{}% 18
\BOOKMARK [1][-]{section.5.1}{Arquitectura}{chapter.5}% 19
\BOOKMARK [0][-]{chapter.6}{Implementaci\363n y desarrollo}{}% 20
\BOOKMARK [1][-]{section.6.1}{Bibliotecas de terceros}{chapter.6}% 21
\BOOKMARK [2][-]{subsection.6.1.1}{Realm}{section.6.1}% 22
\BOOKMARK [0][-]{chapter.7}{Conclusiones y trabajos futuros}{}% 23
